<?xml version="1.0" encoding="UTF-8"?>
<!-- Generated by org.testng.reporters.JUnitReportReporter -->
<testsuite hostname="LAPTOP-EUKMGI2V" failures="0" tests="2" name="runner.RunTests" time="11.243" errors="0" timestamp="2023-07-15T17:41:00 IST" skipped="0">
  <testcase classname="runner.RunTests" name="runScenario" time="4.602"/>
  <system-out/>
  <testcase classname="runner.RunTests" name="runScenario" time="6.641"/>
  <system-out/>
</testsuite> <!-- runner.RunTests -->
